<?xml version="1.0" encoding="UTF-8"?>
<testsuites name="Smoke Tests for Login" time="167.509" tests="4" failures="0" errors="0">
   <testsuite name="Smoke Tests for Login" tests="4" failures="0" errors="0" time="167.509" skipped="0" timestamp="2023-11-07 14:14:09" hostname="rohitkrishna - ip-192-168-1-4.us-west-2.compute.internal" id="Test Suites/Living/Smoke Tests for Login">
      <properties>
         <property name="deviceName" value="emulator-5554 (sdk_gphone_x86_64 - Android 13)"/>
         <property name="devicePlatform" value=""/>
         <property name="logFolder" value="/Users/rohitkrishna/Documents/POProjects/LivingAppAuto/Reports/20231107_141401/Living/Smoke Tests for Login/20231107_141401"/>
         <property name="logFiles" value="/Users/rohitkrishna/Documents/POProjects/LivingAppAuto/Reports/20231107_141401/Living/Smoke Tests for Login/20231107_141401/execution0.log, /Users/rohitkrishna/Documents/POProjects/LivingAppAuto/Reports/20231107_141401/Living/Smoke Tests for Login/20231107_141401/appium.log"/>
         <property name="attachments" value=""/>
         <property name="hostName" value="rohitkrishna - ip-192-168-1-4.us-west-2.compute.internal"/>
         <property name="os" value="Mac OS X 64bit"/>
         <property name="appiumServerStatus" value="{&quot;value&quot;:{&quot;build&quot;:{&quot;version&quot;:&quot;1.22.3&quot;}},&quot;sessionId&quot;:null,&quot;status&quot;:0}"/>
         <property name="katalonVersion" value="9.0.0.212"/>
         <property name="deviceOS" value="Android"/>
         <property name="appiumVersion" value="1.22.3"/>
         <property name="deviceModel" value="sdk_gphone_x86_64"/>
         <property name="hostAddress" value="192.168.1.4"/>
         <property name="deviceManufacturer" value="Google"/>
         <property name="deviceId" value="emulator-5554"/>
         <property name="deviceName" value="emulator-5554 (sdk_gphone_x86_64 - Android 13)"/>
         <property name="deviceOSVersion" value="13"/>
      </properties>
      <testcase name="Test Cases/Login Cases/Verify Login with correct credentials" time="66.733" classname="Test Cases/Login Cases/Verify Login with correct credentials" status="PASSED">
         <system-out><![CDATA[2023-11-07 14:14:09 - [TEST_CASE][PASSED] - Test Cases/Login Cases/Verify Login with correct credentials: Test Cases/Login Cases/Verify Login with correct credentials

2023-11-07 14:14:09 - [TEST_STEP][PASSED] - comment("Test Case to execute - Verify Login with correct credentials"): Test Case to execute - Verify Login with correct credentials

2023-11-07 14:14:09 - [MESSAGE][INFO] - Test Case to execute - Verify Login with correct credentials

2023-11-07 14:14:09 - [TEST_STEP][PASSED] - comment("Application is launching............."): Application is launching.............

2023-11-07 14:14:09 - [MESSAGE][INFO] - Application is launching.............

2023-11-07 14:14:09 - [TEST_STEP][PASSED] - living.Common.startApplication(): living.Common.startApplication is PASSED

2023-11-07 14:14:10 - [MESSAGE][INFO] - Detected NodeJS location: "/usr/local/bin/node"

2023-11-07 14:14:11 - [MESSAGE][INFO] - Appium server started on port 53,756

2023-11-07 14:14:26 - [MESSAGE][PASSED] - Started app at: '/Users/rohitkrishna/Documents/POProjects/LivingAppAuto/androidapp/rgstage.apk'

2023-11-07 14:14:26 - [MESSAGE][PASSED] - living.Common.startApplication is PASSED

2023-11-07 14:14:26 - [TEST_STEP][PASSED] - comment("Waiting for element presence..............."): Waiting for element presence...............

2023-11-07 14:14:26 - [MESSAGE][INFO] - Waiting for element presence...............

2023-11-07 14:14:26 - [TEST_STEP][PASSED] - waitForElementPresent(findTestObject("Living/btn Get Started"), G_longtimeout): Element 'Object Repository/Living/btn Get Started' is present

2023-11-07 14:14:38 - [MESSAGE][PASSED] - Element 'Object Repository/Living/btn Get Started' is present

2023-11-07 14:14:38 - [TEST_STEP][PASSED] - living.Common.loginuser(G_memberusername, G_memberpassword): living.Common.loginuser is PASSED

2023-11-07 14:14:38 - [MESSAGE][INFO] - Login process started......

2023-11-07 14:14:38 - [MESSAGE][WARNING] - Timeout '0' is invalid. Using default page load timeout: '30'

2023-11-07 14:14:38 - [MESSAGE][PASSED] - Tapped on element 'Object Repository/Living/btn Get Started'

2023-11-07 14:14:38 - [MESSAGE][WARNING] - Timeout '0' is invalid. Using default page load timeout: '30'

2023-11-07 14:14:41 - [MESSAGE][PASSED] - Tapped on element 'Object Repository/Living/link Login'

2023-11-07 14:14:43 - [MESSAGE][PASSED] - Send keys 'dancollbeta@yopmail.com' on test object 'Object Repository/Living/input username' successfully.

2023-11-07 14:14:44 - [MESSAGE][PASSED] - Send keys 'Welcome@123' on test object 'Object Repository/Living/input userpassword' successfully.

2023-11-07 14:14:44 - [MESSAGE][WARNING] - Timeout '0' is invalid. Using default page load timeout: '30'

2023-11-07 14:14:45 - [MESSAGE][PASSED] - Tapped on element 'Object Repository/Living/btn Login'

2023-11-07 14:14:45 - [MESSAGE][INFO] - Login process finished......

2023-11-07 14:14:45 - [MESSAGE][PASSED] - living.Common.loginuser is PASSED

2023-11-07 14:14:45 - [TEST_STEP][PASSED] - comment("Asssertions started........."): Asssertions started.........

2023-11-07 14:14:45 - [MESSAGE][INFO] - Asssertions started.........

2023-11-07 14:14:45 - [TEST_STEP][PASSED] - verifyElementExist(findTestObject("Living/lbl Todays Activities"), 0): Element 'Object Repository/Living/lbl Todays Activities' is exist

2023-11-07 14:14:45 - [MESSAGE][WARNING] - Timeout '0' is invalid. Using default page load timeout: '30'

2023-11-07 14:14:53 - [MESSAGE][PASSED] - Element 'Object Repository/Living/lbl Todays Activities' is exist

2023-11-07 14:14:53 - [TEST_STEP][PASSED] - comment("Asssertions closed........."): Asssertions closed.........

2023-11-07 14:14:53 - [MESSAGE][INFO] - Asssertions closed.........

2023-11-07 14:14:53 - [TEST_STEP][PASSED] - living.Common.logoutuser(): living.Common.logoutuser is PASSED

2023-11-07 14:14:53 - [MESSAGE][INFO] - Logout process started......

2023-11-07 14:14:53 - [MESSAGE][WARNING] - Timeout '0' is invalid. Using default page load timeout: '30'

2023-11-07 14:14:54 - [MESSAGE][PASSED] - Tapped on element 'Object Repository/Living/tab me'

2023-11-07 14:14:54 - [MESSAGE][WARNING] - Timeout '0' is invalid. Using default page load timeout: '30'

2023-11-07 14:15:01 - [MESSAGE][PASSED] - Tapped on element 'Object Repository/Living/icon settings gear'

2023-11-07 14:15:01 - [MESSAGE][WARNING] - Timeout '0' is invalid. Using default page load timeout: '30'

2023-11-07 14:15:02 - [MESSAGE][PASSED] - Tapped on element 'Object Repository/Living/link logout'

2023-11-07 14:15:02 - [MESSAGE][INFO] - Logout process finished......

2023-11-07 14:15:02 - [MESSAGE][PASSED] - living.Common.logoutuser is PASSED

2023-11-07 14:15:02 - [TEST_STEP][PASSED] - comment("Waiting for element presence..............."): Waiting for element presence...............

2023-11-07 14:15:02 - [MESSAGE][INFO] - Waiting for element presence...............

2023-11-07 14:15:02 - [TEST_STEP][PASSED] - waitForElementPresent(findTestObject("Living/btn Get Started"), G_longtimeout): Element 'Object Repository/Living/btn Get Started' is present

2023-11-07 14:15:15 - [MESSAGE][PASSED] - Element 'Object Repository/Living/btn Get Started' is present

2023-11-07 14:15:15 - [TEST_STEP][PASSED] - closeApplication(): Close app successfully

2023-11-07 14:15:16 - [MESSAGE][PASSED] - Close app successfully]]></system-out>
         <system-err><![CDATA[]]></system-err>
      </testcase>
      <testcase name="Test Cases/Login Cases/Verify Login with wrong username" time="34.953" classname="Test Cases/Login Cases/Verify Login with wrong username" status="PASSED">
         <system-out><![CDATA[2023-11-07 14:15:16 - [TEST_CASE][PASSED] - Test Cases/Login Cases/Verify Login with wrong username: Test Cases/Login Cases/Verify Login with wrong username

2023-11-07 14:15:16 - [TEST_STEP][PASSED] - comment("Test Case to execute - Verify Login with correct credentials"): Test Case to execute - Verify Login with correct credentials

2023-11-07 14:15:16 - [MESSAGE][INFO] - Test Case to execute - Verify Login with correct credentials

2023-11-07 14:15:16 - [TEST_STEP][PASSED] - comment("Application is launching............."): Application is launching.............

2023-11-07 14:15:16 - [MESSAGE][INFO] - Application is launching.............

2023-11-07 14:15:16 - [TEST_STEP][PASSED] - living.Common.startApplication(): living.Common.startApplication is PASSED

2023-11-07 14:15:18 - [MESSAGE][INFO] - Detected NodeJS location: "/usr/local/bin/node"

2023-11-07 14:15:19 - [MESSAGE][INFO] - Appium server started on port 54,039

2023-11-07 14:15:31 - [MESSAGE][PASSED] - Started app at: '/Users/rohitkrishna/Documents/POProjects/LivingAppAuto/androidapp/rgstage.apk'

2023-11-07 14:15:31 - [MESSAGE][PASSED] - living.Common.startApplication is PASSED

2023-11-07 14:15:31 - [TEST_STEP][PASSED] - comment("Waiting for element presence..............."): Waiting for element presence...............

2023-11-07 14:15:31 - [MESSAGE][INFO] - Waiting for element presence...............

2023-11-07 14:15:31 - [TEST_STEP][PASSED] - waitForElementPresent(findTestObject("Living/btn Get Started"), G_longtimeout): Element 'Object Repository/Living/btn Get Started' is present

2023-11-07 14:15:45 - [MESSAGE][PASSED] - Element 'Object Repository/Living/btn Get Started' is present

2023-11-07 14:15:45 - [TEST_STEP][PASSED] - living.Common.loginuser(wrongusername, G_memberpassword): living.Common.loginuser is PASSED

2023-11-07 14:15:45 - [MESSAGE][INFO] - Login process started......

2023-11-07 14:15:45 - [MESSAGE][WARNING] - Timeout '0' is invalid. Using default page load timeout: '30'

2023-11-07 14:15:45 - [MESSAGE][PASSED] - Tapped on element 'Object Repository/Living/btn Get Started'

2023-11-07 14:15:45 - [MESSAGE][WARNING] - Timeout '0' is invalid. Using default page load timeout: '30'

2023-11-07 14:15:46 - [MESSAGE][PASSED] - Tapped on element 'Object Repository/Living/link Login'

2023-11-07 14:15:48 - [MESSAGE][PASSED] - Send keys 'Wejiuy7@87' on test object 'Object Repository/Living/input username' successfully.

2023-11-07 14:15:48 - [MESSAGE][PASSED] - Send keys 'Welcome@123' on test object 'Object Repository/Living/input userpassword' successfully.

2023-11-07 14:15:48 - [MESSAGE][WARNING] - Timeout '0' is invalid. Using default page load timeout: '30'

2023-11-07 14:15:49 - [MESSAGE][PASSED] - Tapped on element 'Object Repository/Living/btn Login'

2023-11-07 14:15:49 - [MESSAGE][INFO] - Login process finished......

2023-11-07 14:15:49 - [MESSAGE][PASSED] - living.Common.loginuser is PASSED

2023-11-07 14:15:49 - [TEST_STEP][PASSED] - comment("Asssertions started........."): Asssertions started.........

2023-11-07 14:15:49 - [MESSAGE][INFO] - Asssertions started.........

2023-11-07 14:15:49 - [TEST_STEP][PASSED] - verifyElementExist(findTestObject("Living/btn Login"), 0): Element 'Object Repository/Living/btn Login' is exist

2023-11-07 14:15:49 - [MESSAGE][WARNING] - Timeout '0' is invalid. Using default page load timeout: '30'

2023-11-07 14:15:50 - [MESSAGE][PASSED] - Element 'Object Repository/Living/btn Login' is exist

2023-11-07 14:15:50 - [TEST_STEP][PASSED] - comment("Asssertions closed........."): Asssertions closed.........

2023-11-07 14:15:50 - [MESSAGE][INFO] - Asssertions closed.........

2023-11-07 14:15:50 - [TEST_STEP][PASSED] - closeApplication(): Close app successfully

2023-11-07 14:15:51 - [MESSAGE][PASSED] - Close app successfully]]></system-out>
         <system-err><![CDATA[]]></system-err>
      </testcase>
      <testcase name="Test Cases/Login Cases/Verify Login with wrong password" time="32.683" classname="Test Cases/Login Cases/Verify Login with wrong password" status="PASSED">
         <system-out><![CDATA[2023-11-07 14:15:51 - [TEST_CASE][PASSED] - Test Cases/Login Cases/Verify Login with wrong password: Test Cases/Login Cases/Verify Login with wrong password

2023-11-07 14:15:51 - [TEST_STEP][PASSED] - comment("Test Case to execute - Verify Login with correct credentials"): Test Case to execute - Verify Login with correct credentials

2023-11-07 14:15:51 - [MESSAGE][INFO] - Test Case to execute - Verify Login with correct credentials

2023-11-07 14:15:51 - [TEST_STEP][PASSED] - comment("Application is launching............."): Application is launching.............

2023-11-07 14:15:51 - [MESSAGE][INFO] - Application is launching.............

2023-11-07 14:15:51 - [TEST_STEP][PASSED] - living.Common.startApplication(): living.Common.startApplication is PASSED

2023-11-07 14:15:52 - [MESSAGE][INFO] - Detected NodeJS location: "/usr/local/bin/node"

2023-11-07 14:15:53 - [MESSAGE][INFO] - Appium server started on port 54,241

2023-11-07 14:16:04 - [MESSAGE][PASSED] - Started app at: '/Users/rohitkrishna/Documents/POProjects/LivingAppAuto/androidapp/rgstage.apk'

2023-11-07 14:16:04 - [MESSAGE][PASSED] - living.Common.startApplication is PASSED

2023-11-07 14:16:04 - [TEST_STEP][PASSED] - comment("Waiting for element presence..............."): Waiting for element presence...............

2023-11-07 14:16:04 - [MESSAGE][INFO] - Waiting for element presence...............

2023-11-07 14:16:04 - [TEST_STEP][PASSED] - waitForElementPresent(findTestObject("Living/btn Get Started"), G_longtimeout): Element 'Object Repository/Living/btn Get Started' is present

2023-11-07 14:16:16 - [MESSAGE][PASSED] - Element 'Object Repository/Living/btn Get Started' is present

2023-11-07 14:16:16 - [TEST_STEP][PASSED] - living.Common.loginuser(G_memberusername, wrongpassword): living.Common.loginuser is PASSED

2023-11-07 14:16:16 - [MESSAGE][INFO] - Login process started......

2023-11-07 14:16:16 - [MESSAGE][WARNING] - Timeout '0' is invalid. Using default page load timeout: '30'

2023-11-07 14:16:17 - [MESSAGE][PASSED] - Tapped on element 'Object Repository/Living/btn Get Started'

2023-11-07 14:16:17 - [MESSAGE][WARNING] - Timeout '0' is invalid. Using default page load timeout: '30'

2023-11-07 14:16:18 - [MESSAGE][PASSED] - Tapped on element 'Object Repository/Living/link Login'

2023-11-07 14:16:19 - [MESSAGE][PASSED] - Send keys 'dancollbeta@yopmail.com' on test object 'Object Repository/Living/input username' successfully.

2023-11-07 14:16:20 - [MESSAGE][PASSED] - Send keys 'Wgjdon@987' on test object 'Object Repository/Living/input userpassword' successfully.

2023-11-07 14:16:20 - [MESSAGE][WARNING] - Timeout '0' is invalid. Using default page load timeout: '30'

2023-11-07 14:16:21 - [MESSAGE][PASSED] - Tapped on element 'Object Repository/Living/btn Login'

2023-11-07 14:16:21 - [MESSAGE][INFO] - Login process finished......

2023-11-07 14:16:21 - [MESSAGE][PASSED] - living.Common.loginuser is PASSED

2023-11-07 14:16:21 - [TEST_STEP][PASSED] - comment("Asssertions started........."): Asssertions started.........

2023-11-07 14:16:21 - [MESSAGE][INFO] - Asssertions started.........

2023-11-07 14:16:21 - [TEST_STEP][PASSED] - verifyElementExist(findTestObject("Living/btn Login"), 0): Element 'Object Repository/Living/btn Login' is exist

2023-11-07 14:16:21 - [MESSAGE][WARNING] - Timeout '0' is invalid. Using default page load timeout: '30'

2023-11-07 14:16:23 - [MESSAGE][PASSED] - Element 'Object Repository/Living/btn Login' is exist

2023-11-07 14:16:23 - [TEST_STEP][PASSED] - comment("Asssertions closed........."): Asssertions closed.........

2023-11-07 14:16:23 - [MESSAGE][INFO] - Asssertions closed.........

2023-11-07 14:16:23 - [TEST_STEP][PASSED] - closeApplication(): Close app successfully

2023-11-07 14:16:23 - [MESSAGE][PASSED] - Close app successfully]]></system-out>
         <system-err><![CDATA[]]></system-err>
      </testcase>
      <testcase name="Test Cases/Login Cases/Verify Login with wrong email format" time="32.88" classname="Test Cases/Login Cases/Verify Login with wrong email format" status="PASSED">
         <system-out><![CDATA[2023-11-07 14:16:23 - [TEST_CASE][PASSED] - Test Cases/Login Cases/Verify Login with wrong email format: Test Cases/Login Cases/Verify Login with wrong email format

2023-11-07 14:16:24 - [TEST_STEP][PASSED] - comment("Test Case to execute - Verify Login with correct credentials"): Test Case to execute - Verify Login with correct credentials

2023-11-07 14:16:24 - [MESSAGE][INFO] - Test Case to execute - Verify Login with correct credentials

2023-11-07 14:16:24 - [TEST_STEP][PASSED] - comment("Application is launching............."): Application is launching.............

2023-11-07 14:16:24 - [MESSAGE][INFO] - Application is launching.............

2023-11-07 14:16:24 - [TEST_STEP][PASSED] - living.Common.startApplication(): living.Common.startApplication is PASSED

2023-11-07 14:16:24 - [MESSAGE][INFO] - Detected NodeJS location: "/usr/local/bin/node"

2023-11-07 14:16:25 - [MESSAGE][INFO] - Appium server started on port 54,448

2023-11-07 14:16:36 - [MESSAGE][PASSED] - Started app at: '/Users/rohitkrishna/Documents/POProjects/LivingAppAuto/androidapp/rgstage.apk'

2023-11-07 14:16:36 - [MESSAGE][PASSED] - living.Common.startApplication is PASSED

2023-11-07 14:16:36 - [TEST_STEP][PASSED] - comment("Waiting for element presence..............."): Waiting for element presence...............

2023-11-07 14:16:36 - [MESSAGE][INFO] - Waiting for element presence...............

2023-11-07 14:16:36 - [TEST_STEP][PASSED] - waitForElementPresent(findTestObject("Living/btn Get Started"), G_longtimeout): Element 'Object Repository/Living/btn Get Started' is present

2023-11-07 14:16:50 - [MESSAGE][PASSED] - Element 'Object Repository/Living/btn Get Started' is present

2023-11-07 14:16:50 - [TEST_STEP][PASSED] - living.Common.loginuser(wrongemailformat, G_memberpassword): living.Common.loginuser is PASSED

2023-11-07 14:16:50 - [MESSAGE][INFO] - Login process started......

2023-11-07 14:16:50 - [MESSAGE][WARNING] - Timeout '0' is invalid. Using default page load timeout: '30'

2023-11-07 14:16:51 - [MESSAGE][PASSED] - Tapped on element 'Object Repository/Living/btn Get Started'

2023-11-07 14:16:51 - [MESSAGE][WARNING] - Timeout '0' is invalid. Using default page load timeout: '30'

2023-11-07 14:16:52 - [MESSAGE][PASSED] - Tapped on element 'Object Repository/Living/link Login'

2023-11-07 14:16:53 - [MESSAGE][PASSED] - Send keys 'riuhf@com' on test object 'Object Repository/Living/input username' successfully.

2023-11-07 14:16:54 - [MESSAGE][PASSED] - Send keys 'Welcome@123' on test object 'Object Repository/Living/input userpassword' successfully.

2023-11-07 14:16:54 - [MESSAGE][WARNING] - Timeout '0' is invalid. Using default page load timeout: '30'

2023-11-07 14:16:55 - [MESSAGE][PASSED] - Tapped on element 'Object Repository/Living/btn Login'

2023-11-07 14:16:55 - [MESSAGE][INFO] - Login process finished......

2023-11-07 14:16:55 - [MESSAGE][PASSED] - living.Common.loginuser is PASSED

2023-11-07 14:16:55 - [TEST_STEP][PASSED] - comment("Asssertions started........."): Asssertions started.........

2023-11-07 14:16:55 - [MESSAGE][INFO] - Asssertions started.........

2023-11-07 14:16:55 - [TEST_STEP][PASSED] - verifyElementExist(findTestObject("Living/lbl valid email id message"), 0): Element 'Object Repository/Living/lbl valid email id message' is exist

2023-11-07 14:16:55 - [MESSAGE][WARNING] - Timeout '0' is invalid. Using default page load timeout: '30'

2023-11-07 14:16:55 - [MESSAGE][PASSED] - Element 'Object Repository/Living/lbl valid email id message' is exist

2023-11-07 14:16:55 - [TEST_STEP][PASSED] - comment("Asssertions closed........."): Asssertions closed.........

2023-11-07 14:16:55 - [MESSAGE][INFO] - Asssertions closed.........

2023-11-07 14:16:55 - [TEST_STEP][PASSED] - closeApplication(): Close app successfully

2023-11-07 14:16:56 - [MESSAGE][PASSED] - Close app successfully]]></system-out>
         <system-err><![CDATA[]]></system-err>
      </testcase>
      <system-out><![CDATA[2023-11-07 14:14:09 - [TEST_SUITE][PASSED] - Smoke Tests for Login: Test Cases/Login Cases/Verify Login with wrong email format]]></system-out>
      <system-err><![CDATA[]]></system-err>
   </testsuite>
</testsuites>
